<?xml version="1.0" encoding="UTF-8"?>
<!-- Generated by org.testng.reporters.JUnitReportReporter -->
<testsuite skipped="0" hostname="DALVDINPW71109" name="com.qa.tests.MyProfilePageTest" tests="3" failures="0" timestamp="16 May 2018 08:21:31 GMT" time="110.701" errors="0">
  <testcase name="verifyFirstName" time="34.682" classname="com.qa.tests.MyProfilePageTest"/>
  <testcase name="verifyLastName" time="41.687" classname="com.qa.tests.MyProfilePageTest"/>
  <testcase name="verifyPhoneNumber" time="34.332" classname="com.qa.tests.MyProfilePageTest"/>
</testsuite> <!-- com.qa.tests.MyProfilePageTest -->
