<?xml version="1.0" encoding="UTF-8"?>
<!-- Generated by org.testng.reporters.JUnitReportReporter -->
<testsuite skipped="0" hostname="DALVDINPW71109" name="com.qa.tests.LoginPageTest" tests="3" failures="0" timestamp="16 May 2018 08:21:31 GMT" time="84.204" errors="0">
  <testcase name="verifyLoginpageTitle" time="25.993" classname="com.qa.tests.LoginPageTest"/>
  <testcase name="verifyLoginImage" time="25.377" classname="com.qa.tests.LoginPageTest"/>
  <testcase name="verifyValidLogin" time="32.834" classname="com.qa.tests.LoginPageTest"/>
</testsuite> <!-- com.qa.tests.LoginPageTest -->
