<?xml version="1.0" encoding="UTF-8"?>
<!-- Generated by org.testng.reporters.JUnitReportReporter -->
<testsuite skipped="0" hostname="DALVDINPW71109" name="com.qa.tests.MyAccountPageTest" tests="3" failures="0" timestamp="16 May 2018 08:21:31 GMT" time="92.902" errors="0">
  <testcase name="verifyMyAccountPageTtile" time="31.843" classname="com.qa.tests.MyAccountPageTest"/>
  <testcase name="verifyCorrectUserName" time="30.515" classname="com.qa.tests.MyAccountPageTest"/>
  <testcase name="verifyUserImage" time="30.544" classname="com.qa.tests.MyAccountPageTest"/>
</testsuite> <!-- com.qa.tests.MyAccountPageTest -->
