<?xml version="1.0" encoding="UTF-8"?>
<!-- Generated by org.testng.reporters.JUnitReportReporter -->
<testsuite skipped="0" hostname="DALVDINPW71062" name="com.qa.tests.MyProfilePageTest" tests="3" failures="0" timestamp="21 Apr 2018 08:32:08 GMT" time="82.708" errors="0">
  <testcase name="verifyFirstName" time="30.089" classname="com.qa.tests.MyProfilePageTest"/>
  <testcase name="verifyLastName" time="26.848" classname="com.qa.tests.MyProfilePageTest"/>
  <testcase name="verifyPhoneNumber" time="25.771" classname="com.qa.tests.MyProfilePageTest"/>
</testsuite> <!-- com.qa.tests.MyProfilePageTest -->
