<?xml version="1.0" encoding="UTF-8"?>
<!-- Generated by org.testng.reporters.JUnitReportReporter -->
<testsuite skipped="0" hostname="DALVDINPW71062" name="com.qa.tests.LoginPageTest" tests="3" failures="0" timestamp="21 Apr 2018 08:32:08 GMT" time="68.805" errors="0">
  <testcase name="verifyLoginpageTitle" time="17.422" classname="com.qa.tests.LoginPageTest"/>
  <testcase name="verifyLoginImage" time="19.580" classname="com.qa.tests.LoginPageTest"/>
  <testcase name="verifyValidLogin" time="31.803" classname="com.qa.tests.LoginPageTest"/>
</testsuite> <!-- com.qa.tests.LoginPageTest -->
