<?xml version="1.0" encoding="UTF-8"?>
<!-- Generated by org.testng.reporters.JUnitReportReporter -->
<testsuite skipped="0" hostname="DALVDINPW71062" name="com.qa.tests.MyAccountPageTest" tests="3" failures="0" timestamp="21 Apr 2018 08:32:08 GMT" time="86.126" errors="0">
  <testcase name="verifyMyAccountPageTtile" time="31.368" classname="com.qa.tests.MyAccountPageTest"/>
  <testcase name="verifyCorrectUserName" time="27.509" classname="com.qa.tests.MyAccountPageTest"/>
  <testcase name="verifyUserImage" time="27.249" classname="com.qa.tests.MyAccountPageTest"/>
</testsuite> <!-- com.qa.tests.MyAccountPageTest -->
